<?xml version="1.0" encoding="UTF-8"?>
<!-- Generated by org.testng.reporters.JUnitXMLReporter -->
<testsuite ignored="0" hostname="Razewing" failures="0" tests="3" name="Default test" time="12.836" errors="0" timestamp="2022-02-25T21:25:14 GMT-06:00">
  <testcase classname="tests.AlarmTests" name="alarmTimeValidFormat" time="2.232"/>
  <testcase classname="tests.AlarmTests" name="changeAlarmTime" time="2.955"/>
  <testcase classname="tests.AlarmTests" name="createNewAlarmCancel" time="0.909"/>
</testsuite> <!-- Default test -->
