<?xml version="1.0" encoding="UTF-8"?>
<testng-results ignored="0" total="2" passed="2" failed="0" skipped="0">
  <reporter-output>
    <line>
      <![CDATA[Setting up capabilities...]]>
    </line>
    <line>
      <![CDATA[Starting tests]]>
    </line>
    <line>
      <![CDATA[Alarm Time: 8:30 AM]]>
    </line>
    <line>
      <![CDATA[Cleaning up]]>
    </line>
  </reporter-output>
  <suite started-at="2022-02-25T20:33:13 GMT-06:00" name="Default suite" finished-at="2022-02-25T20:33:25 GMT-06:00" duration-ms="12066">
    <groups>
    </groups>
    <test started-at="2022-02-25T20:33:13 GMT-06:00" name="Default test" finished-at="2022-02-25T20:33:25 GMT-06:00" duration-ms="12066">
      <class name="tests.Setup">
        <test-method is-config="true" signature="setup()[pri:0, instance:tests.Setup@4d465b11]" started-at="2022-02-25T20:33:13 GMT-06:00" name="setup" finished-at="2022-02-25T20:33:19 GMT-06:00" duration-ms="6395" status="PASS">
          <reporter-output>
            <line>
              <![CDATA[Setting up capabilities...]]>
            </line>
            <line>
              <![CDATA[Starting tests]]>
            </line>
          </reporter-output>
        </test-method> <!-- setup -->
        <test-method signature="alarmClick()[pri:0, instance:tests.Setup@4d465b11]" started-at="2022-02-25T20:33:19 GMT-06:00" name="alarmClick" finished-at="2022-02-25T20:33:21 GMT-06:00" duration-ms="2241" status="PASS">
          <reporter-output>
            <line>
              <![CDATA[Alarm Time: 8:30 AM]]>
            </line>
          </reporter-output>
        </test-method> <!-- alarmClick -->
        <test-method signature="changeAlarmTime()[pri:0, instance:tests.Setup@4d465b11]" started-at="2022-02-25T20:33:21 GMT-06:00" name="changeAlarmTime" finished-at="2022-02-25T20:33:24 GMT-06:00" duration-ms="3020" status="PASS">
          <reporter-output>
          </reporter-output>
        </test-method> <!-- changeAlarmTime -->
        <test-method is-config="true" signature="terminate()[pri:0, instance:tests.Setup@4d465b11]" started-at="2022-02-25T20:33:24 GMT-06:00" name="terminate" finished-at="2022-02-25T20:33:25 GMT-06:00" duration-ms="383" status="PASS">
          <reporter-output>
            <line>
              <![CDATA[Cleaning up]]>
            </line>
          </reporter-output>
        </test-method> <!-- terminate -->
      </class> <!-- tests.Setup -->
    </test> <!-- Default test -->
  </suite> <!-- Default suite -->
</testng-results>
