<?xml version="1.0" encoding="UTF-8"?>
<testng-results ignored="0" total="3" passed="3" failed="0" skipped="0">
  <reporter-output>
    <line>
      <![CDATA[Setting up capabilities...]]>
    </line>
    <line>
      <![CDATA[Starting tests]]>
    </line>
    <line>
      <![CDATA[Cleaning up]]>
    </line>
  </reporter-output>
  <suite started-at="2022-02-25T21:25:01 GMT-06:00" name="Default suite" finished-at="2022-02-25T21:25:14 GMT-06:00" duration-ms="12836">
    <groups>
    </groups>
    <test started-at="2022-02-25T21:25:01 GMT-06:00" name="Default test" finished-at="2022-02-25T21:25:14 GMT-06:00" duration-ms="12836">
      <class name="tests.AlarmTests">
        <test-method is-config="true" signature="setup()[pri:0, instance:tests.AlarmTests@543588e6]" started-at="2022-02-25T21:25:01 GMT-06:00" name="setup" finished-at="2022-02-25T21:25:08 GMT-06:00" duration-ms="6343" status="PASS">
          <reporter-output>
            <line>
              <![CDATA[Setting up capabilities...]]>
            </line>
            <line>
              <![CDATA[Starting tests]]>
            </line>
          </reporter-output>
        </test-method> <!-- setup -->
        <test-method signature="alarmTimeValidFormat()[pri:0, instance:tests.AlarmTests@543588e6]" started-at="2022-02-25T21:25:08 GMT-06:00" name="alarmTimeValidFormat" finished-at="2022-02-25T21:25:10 GMT-06:00" duration-ms="2232" status="PASS">
          <reporter-output>
          </reporter-output>
        </test-method> <!-- alarmTimeValidFormat -->
        <test-method signature="changeAlarmTime()[pri:0, instance:tests.AlarmTests@543588e6]" started-at="2022-02-25T21:25:10 GMT-06:00" name="changeAlarmTime" finished-at="2022-02-25T21:25:13 GMT-06:00" duration-ms="2955" status="PASS">
          <reporter-output>
          </reporter-output>
        </test-method> <!-- changeAlarmTime -->
        <test-method signature="createNewAlarmCancel()[pri:0, instance:tests.AlarmTests@543588e6]" started-at="2022-02-25T21:25:13 GMT-06:00" name="createNewAlarmCancel" finished-at="2022-02-25T21:25:14 GMT-06:00" duration-ms="909" status="PASS">
          <reporter-output>
          </reporter-output>
        </test-method> <!-- createNewAlarmCancel -->
        <test-method is-config="true" signature="terminate()[pri:0, instance:tests.AlarmTests@543588e6]" started-at="2022-02-25T21:25:14 GMT-06:00" name="terminate" finished-at="2022-02-25T21:25:14 GMT-06:00" duration-ms="375" status="PASS">
          <reporter-output>
            <line>
              <![CDATA[Cleaning up]]>
            </line>
          </reporter-output>
        </test-method> <!-- terminate -->
      </class> <!-- tests.AlarmTests -->
    </test> <!-- Default test -->
  </suite> <!-- Default suite -->
</testng-results>
