<?xml version="1.0" encoding="UTF-8"?>
<testng-results ignored="0" total="1" passed="1" failed="0" skipped="0">
  <reporter-output>
    <line>
      <![CDATA[Setting up capabilities...]]>
    </line>
    <line>
      <![CDATA[Starting tests]]>
    </line>
    <line>
      <![CDATA[Cleaning up]]>
    </line>
  </reporter-output>
  <suite started-at="2022-07-27T18:01:09 GMT-06:00" name="Testing Alarm Feature" finished-at="2022-07-27T18:01:18 GMT-06:00" duration-ms="8529">
    <groups>
    </groups>
    <test started-at="2022-07-27T18:01:09 GMT-06:00" name="Alarm Smoke Test" finished-at="2022-07-27T18:01:18 GMT-06:00" duration-ms="8529">
      <class name="tests.AlarmTests">
        <test-method is-config="true" signature="setup()[pri:0, instance:tests.AlarmTests@156b88f5]" started-at="2022-07-27T18:01:09 GMT-06:00" name="setup" finished-at="2022-07-27T18:01:15 GMT-06:00" duration-ms="5936" status="PASS">
          <reporter-output>
            <line>
              <![CDATA[Setting up capabilities...]]>
            </line>
            <line>
              <![CDATA[Starting tests]]>
            </line>
          </reporter-output>
        </test-method> <!-- setup -->
        <test-method signature="checkAlarmTimeMatch()[pri:0, instance:tests.AlarmTests@156b88f5]" started-at="2022-07-27T18:01:15 GMT-06:00" name="checkAlarmTimeMatch" finished-at="2022-07-27T18:01:17 GMT-06:00" duration-ms="2276" status="PASS">
          <reporter-output>
          </reporter-output>
        </test-method> <!-- checkAlarmTimeMatch -->
        <test-method is-config="true" signature="terminate()[pri:0, instance:tests.AlarmTests@156b88f5]" started-at="2022-07-27T18:01:17 GMT-06:00" name="terminate" finished-at="2022-07-27T18:01:18 GMT-06:00" duration-ms="293" status="PASS">
          <reporter-output>
            <line>
              <![CDATA[Cleaning up]]>
            </line>
          </reporter-output>
        </test-method> <!-- terminate -->
      </class> <!-- tests.AlarmTests -->
    </test> <!-- Alarm Smoke Test -->
  </suite> <!-- Testing Alarm Feature -->
</testng-results>
