<?xml version="1.0" encoding="UTF-8"?>
<testng-results ignored="0" total="2" passed="2" failed="0" skipped="0">
  <reporter-output>
    <line>
      <![CDATA[Setting up capabilities...]]>
    </line>
    <line>
      <![CDATA[Starting tests]]>
    </line>
    <line>
      <![CDATA[Cleaning up]]>
    </line>
  </reporter-output>
  <suite started-at="2022-02-25T20:42:34 GMT-06:00" name="Default suite" finished-at="2022-02-25T20:42:47 GMT-06:00" duration-ms="13173">
    <groups>
    </groups>
    <test started-at="2022-02-25T20:42:34 GMT-06:00" name="Default test" finished-at="2022-02-25T20:42:47 GMT-06:00" duration-ms="13173">
      <class name="tests.Setup">
        <test-method is-config="true" signature="setup()[pri:0, instance:tests.Setup@4d465b11]" started-at="2022-02-25T20:42:34 GMT-06:00" name="setup" finished-at="2022-02-25T20:42:41 GMT-06:00" duration-ms="7540" status="PASS">
          <reporter-output>
            <line>
              <![CDATA[Setting up capabilities...]]>
            </line>
            <line>
              <![CDATA[Starting tests]]>
            </line>
          </reporter-output>
        </test-method> <!-- setup -->
        <test-method signature="alarmClick()[pri:0, instance:tests.Setup@4d465b11]" started-at="2022-02-25T20:42:41 GMT-06:00" name="alarmClick" finished-at="2022-02-25T20:42:43 GMT-06:00" duration-ms="2257" status="PASS">
          <reporter-output>
          </reporter-output>
        </test-method> <!-- alarmClick -->
        <test-method signature="changeAlarmTime()[pri:0, instance:tests.Setup@4d465b11]" started-at="2022-02-25T20:42:43 GMT-06:00" name="changeAlarmTime" finished-at="2022-02-25T20:42:46 GMT-06:00" duration-ms="3003" status="PASS">
          <reporter-output>
          </reporter-output>
        </test-method> <!-- changeAlarmTime -->
        <test-method is-config="true" signature="terminate()[pri:0, instance:tests.Setup@4d465b11]" started-at="2022-02-25T20:42:46 GMT-06:00" name="terminate" finished-at="2022-02-25T20:42:47 GMT-06:00" duration-ms="348" status="PASS">
          <reporter-output>
            <line>
              <![CDATA[Cleaning up]]>
            </line>
          </reporter-output>
        </test-method> <!-- terminate -->
      </class> <!-- tests.Setup -->
    </test> <!-- Default test -->
  </suite> <!-- Default suite -->
</testng-results>
