<?xml version="1.0" encoding="UTF-8"?>
<!-- Generated by org.testng.reporters.JUnitReportReporter -->
<testsuite hostname="Razewing" failures="0" tests="2" name="tests.Setup" time="5.231" errors="0" timestamp="2022-02-25T20:25:28 GMT-06:00" skipped="0">
  <testcase classname="tests.Setup" name="alarmClick" time="2.246"/>
  <system-out>
    <![CDATA[Alarm Time: 8:30 AM]]>
  </system-out>
  <testcase classname="tests.Setup" name="changeAlarmTime" time="2.985"/>
  <system-out/>
</testsuite> <!-- tests.Setup -->
